This is pdfTeX, Version 3.14159265-2.6-1.40.20 (MiKTeX 2.9.6960 64-bit) (preloaded format=pdflatex 2020.2.9)  9 FEB 2020 14:36
entering extended mode
**"C:/Users/andyvo/Desktop/Engr 190W/conference_poster_4/conference_poster_4.te
x"
("C:/Users/andyvo/Desktop/Engr 190W/conference_poster_4/conference_poster_4.tex
"
LaTeX2e <2018-12-01>
("C:/Users/andyvo/Desktop/Engr 190W/conference_poster_4\baposter.cls"
Document Class: baposter 2011/11/26 v2.0 baposter class
("C:\Users\andyvo\AppData\Local\Programs\MiKTeX 2.9\tex/latex/base\article.cls"
Document Class: article 2018/09/03 v1.4i Standard LaTeX document class
("C:\Users\andyvo\AppData\Local\Programs\MiKTeX 2.9\tex/latex/base\size10.clo"
File: size10.clo 2018/09/03 v1.4i Standard LaTeX file (size option)
)
\c@part=\count80
\c@section=\count81
\c@subsection=\count82
\c@subsubsection=\count83
\c@paragraph=\count84
\c@subparagraph=\count85
\c@figure=\count86
\c@table=\count87
\abovecaptionskip=\skip41
\belowcaptionskip=\skip42
\bibindent=\dimen102
)
baposter: Brian Amberg, 2007, 2008, 2009, 2010, 2011 | http://www.brian-amberg.
de/uni/poster/
baposter: Reinhold Kainhofer, 2011 | http://reinhold.kainhofer.com/
\baposter@basepaperwidth=\skip43
\baposter@basepaperheight=\skip44
\baposter@basemargin=\skip45
\baposter@finalpaperwidth=\skip46
\baposter@finalpaperheight=\skip47
\baposter@finalmargin=\skip48
\headerheight=\skip49
\colwidth=\skip50
\colheight=\skip51
\baposter@@colspacing=\skip52
\baposter@box@@cornerradius=\skip53
\baposter@box@@boxheaderheight=\skip54
\baposter@box@@boxpadding=\skip55
\boxstartx=\skip56
\boxstarty=\skip57
\boxwidth=\skip58
\boxheight=\skip59
\baposter@titleimage@left@width=\skip60
\baposter@titleimage@right@width=\skip61
\baposter@titleimage@textwidth=\skip62
\baposter@box@content=\box27
\baposter@titleimage@left=\box28
\baposter@titleimage@title=\box29
\baposter@titleimage@right=\box30
Use Packages

("C:\Users\andyvo\AppData\Local\Programs\MiKTeX 2.9\tex/latex/xkeyval\xkeyval.s
ty"
Package: xkeyval 2014/12/03 v2.7a package option processing (HA)

("C:\Users\andyvo\AppData\Local\Programs\MiKTeX 2.9\tex/generic/xkeyval\xkeyval
.tex"
("C:\Users\andyvo\AppData\Local\Programs\MiKTeX 2.9\tex/generic/xkeyval\xkvutil
s.tex"
\XKV@toks=\toks14
\XKV@tempa@toks=\toks15

("C:\Users\andyvo\AppData\Local\Programs\MiKTeX 2.9\tex/generic/xkeyval\keyval.
tex"))
\XKV@depth=\count88
File: xkeyval.tex 2014/12/03 v2.7a key=value parser (HA)
))
("C:\Users\andyvo\AppData\Local\Programs\MiKTeX 2.9\tex/latex/tools\calc.sty"
Package: calc 2017/05/25 v4.3 Infix arithmetic (KKT,FJ)
\calc@Acount=\count89
\calc@Bcount=\count90
\calc@Adimen=\dimen103
\calc@Bdimen=\dimen104
\calc@Askip=\skip63
\calc@Bskip=\skip64
LaTeX Info: Redefining \setlength on input line 80.
LaTeX Info: Redefining \addtolength on input line 81.
\calc@Ccount=\count91
\calc@Cskip=\skip65
)
("C:\Users\andyvo\AppData\Local\Programs\MiKTeX 2.9\tex/latex/xcolor\xcolor.sty
"
Package: xcolor 2016/05/11 v2.12 LaTeX color extensions (UK)

("C:\Users\andyvo\AppData\Local\Programs\MiKTeX 2.9\tex/latex/graphics-cfg\colo
r.cfg"
File: color.cfg 2016/01/02 v1.6 sample color configuration
)
Package xcolor Info: Driver file: pdftex.def on input line 225.

("C:\Users\andyvo\AppData\Local\Programs\MiKTeX 2.9\tex/latex/graphics-def\pdft
ex.def"
File: pdftex.def 2018/01/08 v1.0l Graphics/color driver for pdftex
)
Package xcolor Info: Model `cmy' substituted by `cmy0' on input line 1348.
Package xcolor Info: Model `hsb' substituted by `rgb' on input line 1352.
Package xcolor Info: Model `RGB' extended on input line 1364.
Package xcolor Info: Model `HTML' substituted by `rgb' on input line 1366.
Package xcolor Info: Model `Hsb' substituted by `hsb' on input line 1367.
Package xcolor Info: Model `tHsb' substituted by `hsb' on input line 1368.
Package xcolor Info: Model `HSB' substituted by `hsb' on input line 1369.
Package xcolor Info: Model `Gray' substituted by `gray' on input line 1370.
Package xcolor Info: Model `wave' substituted by `hsb' on input line 1371.
)
("C:\Users\andyvo\AppData\Local\Programs\MiKTeX 2.9\tex/latex/pgf/frontendlayer
\tikz.sty"
("C:\Users\andyvo\AppData\Local\Programs\MiKTeX 2.9\tex/latex/pgf/basiclayer\pg
f.sty"
("C:\Users\andyvo\AppData\Local\Programs\MiKTeX 2.9\tex/latex/pgf/utilities\pgf
rcs.sty"
("C:\Users\andyvo\AppData\Local\Programs\MiKTeX 2.9\tex/generic/pgf/utilities\p
gfutil-common.tex"
\pgfutil@everybye=\toks16
\pgfutil@tempdima=\dimen105
\pgfutil@tempdimb=\dimen106

("C:\Users\andyvo\AppData\Local\Programs\MiKTeX 2.9\tex/generic/pgf/utilities\p
gfutil-common-lists.tex"))
("C:\Users\andyvo\AppData\Local\Programs\MiKTeX 2.9\tex/generic/pgf/utilities\p
gfutil-latex.def"
\pgfutil@abb=\box31

("C:\Users\andyvo\AppData\Local\Programs\MiKTeX 2.9\tex/latex/ms\everyshi.sty"
Package: everyshi 2001/05/15 v3.00 EveryShipout Package (MS)
))
("C:\Users\andyvo\AppData\Local\Programs\MiKTeX 2.9\tex/generic/pgf/utilities\p
gfrcs.code.tex"
("C:\Users\andyvo\AppData\Local\Programs\MiKTeX 2.9\tex/generic/pgf\pgf.revisio
n.tex")
Package: pgfrcs 2020/01/08 v3.1.5b (3.1.5b)
))
Package: pgf 2020/01/08 v3.1.5b (3.1.5b)

("C:\Users\andyvo\AppData\Local\Programs\MiKTeX 2.9\tex/latex/pgf/basiclayer\pg
fcore.sty"
("C:\Users\andyvo\AppData\Local\Programs\MiKTeX 2.9\tex/latex/graphics\graphicx
.sty"
Package: graphicx 2017/06/01 v1.1a Enhanced LaTeX Graphics (DPC,SPQR)

("C:\Users\andyvo\AppData\Local\Programs\MiKTeX 2.9\tex/latex/graphics\graphics
.sty"
Package: graphics 2017/06/25 v1.2c Standard LaTeX Graphics (DPC,SPQR)

("C:\Users\andyvo\AppData\Local\Programs\MiKTeX 2.9\tex/latex/graphics\trig.sty
"
Package: trig 2016/01/03 v1.10 sin cos tan (DPC)
)
("C:\Users\andyvo\AppData\Local\Programs\MiKTeX 2.9\tex/latex/graphics-cfg\grap
hics.cfg"
File: graphics.cfg 2016/06/04 v1.11 sample graphics configuration
)
Package graphics Info: Driver file: pdftex.def on input line 99.
)
\Gin@req@height=\dimen107
\Gin@req@width=\dimen108
)
("C:\Users\andyvo\AppData\Local\Programs\MiKTeX 2.9\tex/latex/pgf/systemlayer\p
gfsys.sty"
("C:\Users\andyvo\AppData\Local\Programs\MiKTeX 2.9\tex/generic/pgf/systemlayer
\pgfsys.code.tex"
Package: pgfsys 2020/01/08 v3.1.5b (3.1.5b)

("C:\Users\andyvo\AppData\Local\Programs\MiKTeX 2.9\tex/generic/pgf/utilities\p
gfkeys.code.tex"
\pgfkeys@pathtoks=\toks17
\pgfkeys@temptoks=\toks18

("C:\Users\andyvo\AppData\Local\Programs\MiKTeX 2.9\tex/generic/pgf/utilities\p
gfkeysfiltered.code.tex"
\pgfkeys@tmptoks=\toks19
))
\pgf@x=\dimen109
\pgf@y=\dimen110
\pgf@xa=\dimen111
\pgf@ya=\dimen112
\pgf@xb=\dimen113
\pgf@yb=\dimen114
\pgf@xc=\dimen115
\pgf@yc=\dimen116
\pgf@xd=\dimen117
\pgf@yd=\dimen118
\w@pgf@writea=\write3
\r@pgf@reada=\read1
\c@pgf@counta=\count92
\c@pgf@countb=\count93
\c@pgf@countc=\count94
\c@pgf@countd=\count95
\t@pgf@toka=\toks20
\t@pgf@tokb=\toks21
\t@pgf@tokc=\toks22
\pgf@sys@id@count=\count96

("C:\Users\andyvo\AppData\Local\Programs\MiKTeX 2.9\tex/generic/pgf/systemlayer
\pgf.cfg"
File: pgf.cfg 2020/01/08 v3.1.5b (3.1.5b)
)
Driver file for pgf: pgfsys-pdftex.def

("C:\Users\andyvo\AppData\Local\Programs\MiKTeX 2.9\tex/generic/pgf/systemlayer
\pgfsys-pdftex.def"
File: pgfsys-pdftex.def 2020/01/08 v3.1.5b (3.1.5b)

("C:\Users\andyvo\AppData\Local\Programs\MiKTeX 2.9\tex/generic/pgf/systemlayer
\pgfsys-common-pdf.def"
File: pgfsys-common-pdf.def 2020/01/08 v3.1.5b (3.1.5b)
)))
("C:\Users\andyvo\AppData\Local\Programs\MiKTeX 2.9\tex/generic/pgf/systemlayer
\pgfsyssoftpath.code.tex"
File: pgfsyssoftpath.code.tex 2020/01/08 v3.1.5b (3.1.5b)
\pgfsyssoftpath@smallbuffer@items=\count97
\pgfsyssoftpath@bigbuffer@items=\count98
)
("C:\Users\andyvo\AppData\Local\Programs\MiKTeX 2.9\tex/generic/pgf/systemlayer
\pgfsysprotocol.code.tex"
File: pgfsysprotocol.code.tex 2020/01/08 v3.1.5b (3.1.5b)
))
("C:\Users\andyvo\AppData\Local\Programs\MiKTeX 2.9\tex/generic/pgf/basiclayer\
pgfcore.code.tex"
Package: pgfcore 2020/01/08 v3.1.5b (3.1.5b)

("C:\Users\andyvo\AppData\Local\Programs\MiKTeX 2.9\tex/generic/pgf/math\pgfmat
h.code.tex"
("C:\Users\andyvo\AppData\Local\Programs\MiKTeX 2.9\tex/generic/pgf/math\pgfmat
hcalc.code.tex"
("C:\Users\andyvo\AppData\Local\Programs\MiKTeX 2.9\tex/generic/pgf/math\pgfmat
hutil.code.tex")
("C:\Users\andyvo\AppData\Local\Programs\MiKTeX 2.9\tex/generic/pgf/math\pgfmat
hparser.code.tex"
\pgfmath@dimen=\dimen119
\pgfmath@count=\count99
\pgfmath@box=\box32
\pgfmath@toks=\toks23
\pgfmath@stack@operand=\toks24
\pgfmath@stack@operation=\toks25
)
("C:\Users\andyvo\AppData\Local\Programs\MiKTeX 2.9\tex/generic/pgf/math\pgfmat
hfunctions.code.tex"
("C:\Users\andyvo\AppData\Local\Programs\MiKTeX 2.9\tex/generic/pgf/math\pgfmat
hfunctions.basic.code.tex")
("C:\Users\andyvo\AppData\Local\Programs\MiKTeX 2.9\tex/generic/pgf/math\pgfmat
hfunctions.trigonometric.code.tex")
("C:\Users\andyvo\AppData\Local\Programs\MiKTeX 2.9\tex/generic/pgf/math\pgfmat
hfunctions.random.code.tex")
("C:\Users\andyvo\AppData\Local\Programs\MiKTeX 2.9\tex/generic/pgf/math\pgfmat
hfunctions.comparison.code.tex")
("C:\Users\andyvo\AppData\Local\Programs\MiKTeX 2.9\tex/generic/pgf/math\pgfmat
hfunctions.base.code.tex")
("C:\Users\andyvo\AppData\Local\Programs\MiKTeX 2.9\tex/generic/pgf/math\pgfmat
hfunctions.round.code.tex")
("C:\Users\andyvo\AppData\Local\Programs\MiKTeX 2.9\tex/generic/pgf/math\pgfmat
hfunctions.misc.code.tex")
("C:\Users\andyvo\AppData\Local\Programs\MiKTeX 2.9\tex/generic/pgf/math\pgfmat
hfunctions.integerarithmetics.code.tex")))
("C:\Users\andyvo\AppData\Local\Programs\MiKTeX 2.9\tex/generic/pgf/math\pgfmat
hfloat.code.tex"
\c@pgfmathroundto@lastzeros=\count100
))
("C:\Users\andyvo\AppData\Local\Programs\MiKTeX 2.9\tex/generic/pgf/math\pgfint
.code.tex")
("C:\Users\andyvo\AppData\Local\Programs\MiKTeX 2.9\tex/generic/pgf/basiclayer\
pgfcorepoints.code.tex"
File: pgfcorepoints.code.tex 2020/01/08 v3.1.5b (3.1.5b)
\pgf@picminx=\dimen120
\pgf@picmaxx=\dimen121
\pgf@picminy=\dimen122
\pgf@picmaxy=\dimen123
\pgf@pathminx=\dimen124
\pgf@pathmaxx=\dimen125
\pgf@pathminy=\dimen126
\pgf@pathmaxy=\dimen127
\pgf@xx=\dimen128
\pgf@xy=\dimen129
\pgf@yx=\dimen130
\pgf@yy=\dimen131
\pgf@zx=\dimen132
\pgf@zy=\dimen133
)
("C:\Users\andyvo\AppData\Local\Programs\MiKTeX 2.9\tex/generic/pgf/basiclayer\
pgfcorepathconstruct.code.tex"
File: pgfcorepathconstruct.code.tex 2020/01/08 v3.1.5b (3.1.5b)
\pgf@path@lastx=\dimen134
\pgf@path@lasty=\dimen135
)
("C:\Users\andyvo\AppData\Local\Programs\MiKTeX 2.9\tex/generic/pgf/basiclayer\
pgfcorepathusage.code.tex"
File: pgfcorepathusage.code.tex 2020/01/08 v3.1.5b (3.1.5b)
\pgf@shorten@end@additional=\dimen136
\pgf@shorten@start@additional=\dimen137
)
("C:\Users\andyvo\AppData\Local\Programs\MiKTeX 2.9\tex/generic/pgf/basiclayer\
pgfcorescopes.code.tex"
File: pgfcorescopes.code.tex 2020/01/08 v3.1.5b (3.1.5b)
\pgfpic=\box33
\pgf@hbox=\box34
\pgf@layerbox@main=\box35
\pgf@picture@serial@count=\count101
)
("C:\Users\andyvo\AppData\Local\Programs\MiKTeX 2.9\tex/generic/pgf/basiclayer\
pgfcoregraphicstate.code.tex"
File: pgfcoregraphicstate.code.tex 2020/01/08 v3.1.5b (3.1.5b)
\pgflinewidth=\dimen138
)
("C:\Users\andyvo\AppData\Local\Programs\MiKTeX 2.9\tex/generic/pgf/basiclayer\
pgfcoretransformations.code.tex"
File: pgfcoretransformations.code.tex 2020/01/08 v3.1.5b (3.1.5b)
\pgf@pt@x=\dimen139
\pgf@pt@y=\dimen140
\pgf@pt@temp=\dimen141
)
("C:\Users\andyvo\AppData\Local\Programs\MiKTeX 2.9\tex/generic/pgf/basiclayer\
pgfcorequick.code.tex"
File: pgfcorequick.code.tex 2020/01/08 v3.1.5b (3.1.5b)
)
("C:\Users\andyvo\AppData\Local\Programs\MiKTeX 2.9\tex/generic/pgf/basiclayer\
pgfcoreobjects.code.tex"
File: pgfcoreobjects.code.tex 2020/01/08 v3.1.5b (3.1.5b)
)
("C:\Users\andyvo\AppData\Local\Programs\MiKTeX 2.9\tex/generic/pgf/basiclayer\
pgfcorepathprocessing.code.tex"
File: pgfcorepathprocessing.code.tex 2020/01/08 v3.1.5b (3.1.5b)
)
("C:\Users\andyvo\AppData\Local\Programs\MiKTeX 2.9\tex/generic/pgf/basiclayer\
pgfcorearrows.code.tex"
File: pgfcorearrows.code.tex 2020/01/08 v3.1.5b (3.1.5b)
\pgfarrowsep=\dimen142
)
("C:\Users\andyvo\AppData\Local\Programs\MiKTeX 2.9\tex/generic/pgf/basiclayer\
pgfcoreshade.code.tex"
File: pgfcoreshade.code.tex 2020/01/08 v3.1.5b (3.1.5b)
\pgf@max=\dimen143
\pgf@sys@shading@range@num=\count102
\pgf@shadingcount=\count103
)
("C:\Users\andyvo\AppData\Local\Programs\MiKTeX 2.9\tex/generic/pgf/basiclayer\
pgfcoreimage.code.tex"
File: pgfcoreimage.code.tex 2020/01/08 v3.1.5b (3.1.5b)

("C:\Users\andyvo\AppData\Local\Programs\MiKTeX 2.9\tex/generic/pgf/basiclayer\
pgfcoreexternal.code.tex"
File: pgfcoreexternal.code.tex 2020/01/08 v3.1.5b (3.1.5b)
\pgfexternal@startupbox=\box36
))
("C:\Users\andyvo\AppData\Local\Programs\MiKTeX 2.9\tex/generic/pgf/basiclayer\
pgfcorelayers.code.tex"
File: pgfcorelayers.code.tex 2020/01/08 v3.1.5b (3.1.5b)
)
("C:\Users\andyvo\AppData\Local\Programs\MiKTeX 2.9\tex/generic/pgf/basiclayer\
pgfcoretransparency.code.tex"
File: pgfcoretransparency.code.tex 2020/01/08 v3.1.5b (3.1.5b)
)
("C:\Users\andyvo\AppData\Local\Programs\MiKTeX 2.9\tex/generic/pgf/basiclayer\
pgfcorepatterns.code.tex"
File: pgfcorepatterns.code.tex 2020/01/08 v3.1.5b (3.1.5b)
)
("C:\Users\andyvo\AppData\Local\Programs\MiKTeX 2.9\tex/generic/pgf/basiclayer\
pgfcorerdf.code.tex"
File: pgfcorerdf.code.tex 2020/01/08 v3.1.5b (3.1.5b)
)))
("C:\Users\andyvo\AppData\Local\Programs\MiKTeX 2.9\tex/generic/pgf/modules\pgf
moduleshapes.code.tex"
File: pgfmoduleshapes.code.tex 2020/01/08 v3.1.5b (3.1.5b)
\pgfnodeparttextbox=\box37
)
("C:\Users\andyvo\AppData\Local\Programs\MiKTeX 2.9\tex/generic/pgf/modules\pgf
moduleplot.code.tex"
File: pgfmoduleplot.code.tex 2020/01/08 v3.1.5b (3.1.5b)
)
("C:\Users\andyvo\AppData\Local\Programs\MiKTeX 2.9\tex/latex/pgf/compatibility
\pgfcomp-version-0-65.sty"
Package: pgfcomp-version-0-65 2020/01/08 v3.1.5b (3.1.5b)
\pgf@nodesepstart=\dimen144
\pgf@nodesepend=\dimen145
)
("C:\Users\andyvo\AppData\Local\Programs\MiKTeX 2.9\tex/latex/pgf/compatibility
\pgfcomp-version-1-18.sty"
Package: pgfcomp-version-1-18 2020/01/08 v3.1.5b (3.1.5b)
))
("C:\Users\andyvo\AppData\Local\Programs\MiKTeX 2.9\tex/latex/pgf/utilities\pgf
for.sty"
("C:\Users\andyvo\AppData\Local\Programs\MiKTeX 2.9\tex/latex/pgf/utilities\pgf
keys.sty"
("C:\Users\andyvo\AppData\Local\Programs\MiKTeX 2.9\tex/generic/pgf/utilities\p
gfkeys.code.tex"))
("C:\Users\andyvo\AppData\Local\Programs\MiKTeX 2.9\tex/latex/pgf/math\pgfmath.
sty"
("C:\Users\andyvo\AppData\Local\Programs\MiKTeX 2.9\tex/generic/pgf/math\pgfmat
h.code.tex"))
("C:\Users\andyvo\AppData\Local\Programs\MiKTeX 2.9\tex/generic/pgf/utilities\p
gffor.code.tex"
Package: pgffor 2020/01/08 v3.1.5b (3.1.5b)

("C:\Users\andyvo\AppData\Local\Programs\MiKTeX 2.9\tex/generic/pgf/math\pgfmat
h.code.tex")
\pgffor@iter=\dimen146
\pgffor@skip=\dimen147
\pgffor@stack=\toks26
\pgffor@toks=\toks27
))
("C:\Users\andyvo\AppData\Local\Programs\MiKTeX 2.9\tex/generic/pgf/frontendlay
er/tikz\tikz.code.tex"
Package: tikz 2020/01/08 v3.1.5b (3.1.5b)

("C:\Users\andyvo\AppData\Local\Programs\MiKTeX 2.9\tex/generic/pgf/libraries\p
gflibraryplothandlers.code.tex"
File: pgflibraryplothandlers.code.tex 2020/01/08 v3.1.5b (3.1.5b)
\pgf@plot@mark@count=\count104
\pgfplotmarksize=\dimen148
)
\tikz@lastx=\dimen149
\tikz@lasty=\dimen150
\tikz@lastxsaved=\dimen151
\tikz@lastysaved=\dimen152
\tikz@lastmovetox=\dimen153
\tikz@lastmovetoy=\dimen154
\tikzleveldistance=\dimen155
\tikzsiblingdistance=\dimen156
\tikz@figbox=\box38
\tikz@figbox@bg=\box39
\tikz@tempbox=\box40
\tikz@tempbox@bg=\box41
\tikztreelevel=\count105
\tikznumberofchildren=\count106
\tikznumberofcurrentchild=\count107
\tikz@fig@count=\count108

("C:\Users\andyvo\AppData\Local\Programs\MiKTeX 2.9\tex/generic/pgf/modules\pgf
modulematrix.code.tex"
File: pgfmodulematrix.code.tex 2020/01/08 v3.1.5b (3.1.5b)
\pgfmatrixcurrentrow=\count109
\pgfmatrixcurrentcolumn=\count110
\pgf@matrix@numberofcolumns=\count111
)
\tikz@expandcount=\count112

("C:\Users\andyvo\AppData\Local\Programs\MiKTeX 2.9\tex/generic/pgf/frontendlay
er/tikz/libraries\tikzlibrarytopaths.code.tex"
File: tikzlibrarytopaths.code.tex 2020/01/08 v3.1.5b (3.1.5b)
)))
("C:\Users\andyvo\AppData\Local\Programs\MiKTeX 2.9\tex/latex/base\ifthen.sty"
Package: ifthen 2014/09/29 v1.1c Standard LaTeX ifthen package (DPC)
) ("C:\Users\andyvo\AppData\Local\Programs\MiKTeX 2.9\tex/latex/base\fontenc.st
y"
Package: fontenc 2018/08/11 v2.0j Standard LaTeX package
 ("C:\Users\andyvo\AppData\Local\Programs\MiKTeX 2.9\tex/latex/base\t1enc.def"
File: t1enc.def 2018/08/11 v2.0j Standard LaTeX file
LaTeX Font Info:    Redeclaring font encoding T1 on input line 48.
))
("C:\Users\andyvo\AppData\Local\Programs\MiKTeX 2.9\tex/generic/pgf/frontendlay
er/tikz/libraries\tikzlibrarydecorations.code.tex"
("C:\Users\andyvo\AppData\Local\Programs\MiKTeX 2.9\tex/generic/pgf/modules\pgf
moduledecorations.code.tex"
\pgfdecoratedcompleteddistance=\dimen157
\pgfdecoratedremainingdistance=\dimen158
\pgfdecoratedinputsegmentcompleteddistance=\dimen159
\pgfdecoratedinputsegmentremainingdistance=\dimen160
\pgf@decorate@distancetomove=\dimen161
\pgf@decorate@repeatstate=\count113
\pgfdecorationsegmentamplitude=\dimen162
\pgfdecorationsegmentlength=\dimen163
)
\tikz@lib@dec@box=\box42
)
("C:\Users\andyvo\AppData\Local\Programs\MiKTeX 2.9\tex/generic/pgf/frontendlay
er/tikz/libraries\tikzlibraryfadings.code.tex"
File: tikzlibraryfadings.code.tex 2020/01/08 v3.1.5b (3.1.5b)

("C:\Users\andyvo\AppData\Local\Programs\MiKTeX 2.9\tex/generic/pgf/libraries\p
gflibraryfadings.code.tex"
File: pgflibraryfadings.code.tex 2020/01/08 v3.1.5b (3.1.5b)
))
("C:\Users\andyvo\AppData\Local\Programs\MiKTeX 2.9\tex/generic/pgf/frontendlay
er/tikz/libraries\tikzlibrarysnakes.code.tex"
File: tikzlibrarysnakes.code.tex 2020/01/08 v3.1.5b (3.1.5b)


Package pgf Warning: Snakes have been superseded by decorations. Please use the
 decoration libraries instead of the snakes library on input line 14.


("C:\Users\andyvo\AppData\Local\Programs\MiKTeX 2.9\tex/generic/pgf/frontendlay
er/tikz/libraries\tikzlibrarydecorations.pathmorphing.code.tex"
("C:\Users\andyvo\AppData\Local\Programs\MiKTeX 2.9\tex/generic/pgf/libraries/d
ecorations\pgflibrarydecorations.pathmorphing.code.tex"))
("C:\Users\andyvo\AppData\Local\Programs\MiKTeX 2.9\tex/generic/pgf/frontendlay
er/tikz/libraries\tikzlibrarydecorations.pathreplacing.code.tex"
("C:\Users\andyvo\AppData\Local\Programs\MiKTeX 2.9\tex/generic/pgf/libraries/d
ecorations\pgflibrarydecorations.pathreplacing.code.tex"))
("C:\Users\andyvo\AppData\Local\Programs\MiKTeX 2.9\tex/generic/pgf/frontendlay
er/tikz/libraries\tikzlibrarydecorations.shapes.code.tex"
("C:\Users\andyvo\AppData\Local\Programs\MiKTeX 2.9\tex/generic/pgf/libraries/d
ecorations\pgflibrarydecorations.shapes.code.tex")))
("C:\Users\andyvo\AppData\Local\Programs\MiKTeX 2.9\tex/generic/pgf/frontendlay
er/tikz/libraries\tikzlibrarycalc.code.tex"
File: tikzlibrarycalc.code.tex 2020/01/08 v3.1.5b (3.1.5b)
)
\baposter@movebody=\skip66
\baposter@basemarginright=\skip67
\baposter@basemarginleft=\skip68

Paperwidth=2392.87677pt
Paperheight=3383.03267pt
BasePaperwidth=681.97864pt
BasePaperheight=964.1767pt

("C:\Users\andyvo\AppData\Local\Programs\MiKTeX 2.9\tex/latex/geometry\geometry
.sty"
Package: geometry 2018/04/16 v5.8 Page Geometry

("C:\Users\andyvo\AppData\Local\Programs\MiKTeX 2.9\tex/generic/oberdiek\ifpdf.
sty"
Package: ifpdf 2018/09/07 v3.3 Provides the ifpdf switch
)
("C:\Users\andyvo\AppData\Local\Programs\MiKTeX 2.9\tex/generic/oberdiek\ifvtex
.sty"
Package: ifvtex 2016/05/16 v1.6 Detect VTeX and its facilities (HO)
Package ifvtex Info: VTeX not detected.
)
("C:\Users\andyvo\AppData\Local\Programs\MiKTeX 2.9\tex/generic/ifxetex\ifxetex
.sty"
Package: ifxetex 2010/09/12 v0.6 Provides ifxetex conditional
)
\Gm@cnth=\count114
\Gm@cntv=\count115
\c@Gm@tempcnt=\count116
\Gm@bindingoffset=\dimen164
\Gm@wd@mp=\dimen165
\Gm@odd@mp=\dimen166
\Gm@even@mp=\dimen167
\Gm@layoutwidth=\dimen168
\Gm@layoutheight=\dimen169
\Gm@layouthoffset=\dimen170
\Gm@layoutvoffset=\dimen171
\Gm@dimlist=\toks28

("C:\Users\andyvo\AppData\Local\Programs\MiKTeX 2.9\tex/latex/geometry\geometry
.cfg"))
("C:\Users\andyvo\AppData\Local\Programs\MiKTeX 2.9\tex/latex/pgf/utilities\pgf
pages.sty"
Package: pgfpages 2011/01/05 ver 0.02
\pgf@logicalpages=\count117
\pgf@firstshipout=\count118
\pgf@lastshipout=\count119
\pgf@currentshipout=\count120
\pgf@cpn=\count121
\pgf@shipoutnextto=\count122
\pgfphysicalheight=\dimen172
\pgfphysicalwidth=\dimen173
\pgfpages@shipoutbox=\box43
)
\pgfpages@box@1=\box44
)
("C:\Users\andyvo\AppData\Local\Programs\MiKTeX 2.9\tex/latex/amsmath\amsmath.s
ty"
Package: amsmath 2018/12/01 v2.17b AMS math features
\@mathmargin=\skip69

For additional information on amsmath, use the `?' option.

("C:\Users\andyvo\AppData\Local\Programs\MiKTeX 2.9\tex/latex/amsmath\amstext.s
ty"
Package: amstext 2000/06/29 v2.01 AMS text

("C:\Users\andyvo\AppData\Local\Programs\MiKTeX 2.9\tex/latex/amsmath\amsgen.st
y"
File: amsgen.sty 1999/11/30 v2.0 generic functions
\@emptytoks=\toks29
\ex@=\dimen174
))
("C:\Users\andyvo\AppData\Local\Programs\MiKTeX 2.9\tex/latex/amsmath\amsbsy.st
y"
Package: amsbsy 1999/11/29 v1.2d Bold Symbols
\pmbraise@=\dimen175
)
("C:\Users\andyvo\AppData\Local\Programs\MiKTeX 2.9\tex/latex/amsmath\amsopn.st
y"
Package: amsopn 2016/03/08 v2.02 operator names
)
\inf@bad=\count123
LaTeX Info: Redefining \frac on input line 223.
\uproot@=\count124
\leftroot@=\count125
LaTeX Info: Redefining \overline on input line 385.
\classnum@=\count126
\DOTSCASE@=\count127
LaTeX Info: Redefining \ldots on input line 482.
LaTeX Info: Redefining \dots on input line 485.
LaTeX Info: Redefining \cdots on input line 606.
\Mathstrutbox@=\box45
\strutbox@=\box46
\big@size=\dimen176
LaTeX Font Info:    Redeclaring font encoding OML on input line 729.
LaTeX Font Info:    Redeclaring font encoding OMS on input line 730.
\macc@depth=\count128
\c@MaxMatrixCols=\count129
\dotsspace@=\muskip10
\c@parentequation=\count130
\dspbrk@lvl=\count131
\tag@help=\toks30
\row@=\count132
\column@=\count133
\maxfields@=\count134
\andhelp@=\toks31
\eqnshift@=\dimen177
\alignsep@=\dimen178
\tagshift@=\dimen179
\tagwidth@=\dimen180
\totwidth@=\dimen181
\lineht@=\dimen182
\@envbody=\toks32
\multlinegap=\skip70
\multlinetaggap=\skip71
\mathdisplay@stack=\toks33
LaTeX Info: Redefining \[ on input line 2844.
LaTeX Info: Redefining \] on input line 2845.
)
("C:\Users\andyvo\AppData\Local\Programs\MiKTeX 2.9\tex/latex/amsfonts\amssymb.
sty"
Package: amssymb 2013/01/14 v3.01 AMS font symbols

("C:\Users\andyvo\AppData\Local\Programs\MiKTeX 2.9\tex/latex/amsfonts\amsfonts
.sty"
Package: amsfonts 2013/01/14 v3.01 Basic AMSFonts support
\symAMSa=\mathgroup4
\symAMSb=\mathgroup5
LaTeX Font Info:    Overwriting math alphabet `\mathfrak' in version `bold'
(Font)                  U/euf/m/n --> U/euf/b/n on input line 106.
))
("C:\Users\andyvo\AppData\Local\Programs\MiKTeX 2.9\tex/latex/booktabs\booktabs
.sty"
Package: booktabs 2020/01/12 v1.61803398 Publication quality tables
\heavyrulewidth=\dimen183
\lightrulewidth=\dimen184
\cmidrulewidth=\dimen185
\belowrulesep=\dimen186
\belowbottomsep=\dimen187
\aboverulesep=\dimen188
\abovetopsep=\dimen189
\cmidrulesep=\dimen190
\cmidrulekern=\dimen191
\defaultaddspace=\dimen192
\@cmidla=\count135
\@cmidlb=\count136
\@aboverulesep=\dimen193
\@belowrulesep=\dimen194
\@thisruleclass=\count137
\@lastruleclass=\count138
\@thisrulewidth=\dimen195
)
("C:\Users\andyvo\AppData\Local\Programs\MiKTeX 2.9\tex/latex/enumitem\enumitem
.sty"
Package: enumitem 2019/06/20 v3.9 Customized lists
\enitkv@toks@=\toks34
\labelindent=\skip72
\enit@outerparindent=\dimen196
\enit@toks=\toks35
\enit@inbox=\box47
\enit@count@id=\count139
\enitdp@description=\count140
)
("C:\Users\andyvo\AppData\Local\Programs\MiKTeX 2.9\tex/latex/psnfss\palatino.s
ty"
Package: palatino 2005/04/12 PSNFSS-v9.2a (SPQR) 
)
("C:\Users\andyvo\AppData\Local\Programs\MiKTeX 2.9\tex/latex/caption\caption.s
ty"
Package: caption 2020/01/03 v3.4h Customizing captions (AR)

("C:\Users\andyvo\AppData\Local\Programs\MiKTeX 2.9\tex/latex/caption\caption3.
sty"
Package: caption3 2020/01/03 v1.8h caption3 kernel (AR)
Package caption3 Info: TeX engine: e-TeX on input line 61.
\captionmargin=\dimen197
\captionmargin@=\dimen198
\captionwidth=\dimen199
\caption@tempdima=\dimen256
\caption@indent=\dimen257
\caption@parindent=\dimen258
\caption@hangindent=\dimen259
Package caption Info: Standard document class detected.
)
\c@caption@flags=\count141
\c@continuedfloat=\count142
)
("C:\Users\andyvo\AppData\Local\Programs\MiKTeX 2.9\tex/latex/tools\multicol.st
y"
Package: multicol 2018/12/27 v1.8v multicolumn formatting (FMi)
\c@tracingmulticols=\count143
\mult@box=\box48
\multicol@leftmargin=\dimen260
\c@unbalance=\count144
\c@collectmore=\count145
\doublecol@number=\count146
\multicoltolerance=\count147
\multicolpretolerance=\count148
\full@width=\dimen261
\page@free=\dimen262
\premulticols=\dimen263
\postmulticols=\dimen264
\multicolsep=\skip73
\multicolbaselineskip=\skip74
\partial@page=\box49
\last@line=\box50
\maxbalancingoverflow=\dimen265
\mult@rightbox=\box51
\mult@grightbox=\box52
\mult@gfirstbox=\box53
\mult@firstbox=\box54
\@tempa=\box55
\@tempa=\box56
\@tempa=\box57
\@tempa=\box58
\@tempa=\box59
\@tempa=\box60
\@tempa=\box61
\@tempa=\box62
\@tempa=\box63
\@tempa=\box64
\@tempa=\box65
\@tempa=\box66
\@tempa=\box67
\@tempa=\box68
\@tempa=\box69
\@tempa=\box70
\@tempa=\box71
\c@columnbadness=\count149
\c@finalcolumnbadness=\count150
\last@try=\dimen266
\multicolovershoot=\dimen267
\multicolundershoot=\dimen268
\mult@nat@firstbox=\box72
\colbreak@box=\box73
\mc@col@check@num=\count151
)
("C:\Users\andyvo\AppData\Local\Programs\MiKTeX 2.9\tex/generic/pgf/frontendlay
er/tikz/libraries\tikzlibraryshapes.code.tex"
File: tikzlibraryshapes.code.tex 2020/01/08 v3.1.5b (3.1.5b)

("C:\Users\andyvo\AppData\Local\Programs\MiKTeX 2.9\tex/generic/pgf/frontendlay
er/tikz/libraries\tikzlibraryshapes.geometric.code.tex"
File: tikzlibraryshapes.geometric.code.tex 2020/01/08 v3.1.5b (3.1.5b)

("C:\Users\andyvo\AppData\Local\Programs\MiKTeX 2.9\tex/generic/pgf/libraries/s
hapes\pgflibraryshapes.geometric.code.tex"
File: pgflibraryshapes.geometric.code.tex 2020/01/08 v3.1.5b (3.1.5b)
))
("C:\Users\andyvo\AppData\Local\Programs\MiKTeX 2.9\tex/generic/pgf/frontendlay
er/tikz/libraries\tikzlibraryshapes.misc.code.tex"
File: tikzlibraryshapes.misc.code.tex 2020/01/08 v3.1.5b (3.1.5b)

("C:\Users\andyvo\AppData\Local\Programs\MiKTeX 2.9\tex/generic/pgf/libraries/s
hapes\pgflibraryshapes.misc.code.tex"
File: pgflibraryshapes.misc.code.tex 2020/01/08 v3.1.5b (3.1.5b)
))
("C:\Users\andyvo\AppData\Local\Programs\MiKTeX 2.9\tex/generic/pgf/frontendlay
er/tikz/libraries\tikzlibraryshapes.symbols.code.tex"
File: tikzlibraryshapes.symbols.code.tex 2020/01/08 v3.1.5b (3.1.5b)

("C:\Users\andyvo\AppData\Local\Programs\MiKTeX 2.9\tex/generic/pgf/libraries/s
hapes\pgflibraryshapes.symbols.code.tex"
File: pgflibraryshapes.symbols.code.tex 2020/01/08 v3.1.5b (3.1.5b)
))
("C:\Users\andyvo\AppData\Local\Programs\MiKTeX 2.9\tex/generic/pgf/frontendlay
er/tikz/libraries\tikzlibraryshapes.arrows.code.tex"
File: tikzlibraryshapes.arrows.code.tex 2020/01/08 v3.1.5b (3.1.5b)

("C:\Users\andyvo\AppData\Local\Programs\MiKTeX 2.9\tex/generic/pgf/libraries/s
hapes\pgflibraryshapes.arrows.code.tex"
File: pgflibraryshapes.arrows.code.tex 2020/01/08 v3.1.5b (3.1.5b)
))
("C:\Users\andyvo\AppData\Local\Programs\MiKTeX 2.9\tex/generic/pgf/frontendlay
er/tikz/libraries\tikzlibraryshapes.callouts.code.tex"
("C:\Users\andyvo\AppData\Local\Programs\MiKTeX 2.9\tex/generic/pgf/libraries/s
hapes\pgflibraryshapes.callouts.code.tex"))
("C:\Users\andyvo\AppData\Local\Programs\MiKTeX 2.9\tex/generic/pgf/frontendlay
er/tikz/libraries\tikzlibraryshapes.multipart.code.tex"
File: tikzlibraryshapes.multipart.code.tex 2020/01/08 v3.1.5b (3.1.5b)

("C:\Users\andyvo\AppData\Local\Programs\MiKTeX 2.9\tex/generic/pgf/libraries/s
hapes\pgflibraryshapes.multipart.code.tex"
File: pgflibraryshapes.multipart.code.tex 2020/01/08 v3.1.5b (3.1.5b)
\pgfnodepartlowerbox=\box74
\pgfnodeparttwobox=\box75
\pgfnodepartthreebox=\box76
\pgfnodepartfourbox=\box77
\pgfnodeparttwentybox=\box78
\pgfnodepartnineteenbox=\box79
\pgfnodeparteighteenbox=\box80
\pgfnodepartseventeenbox=\box81
\pgfnodepartsixteenbox=\box82
\pgfnodepartfifteenbox=\box83
\pgfnodepartfourteenbox=\box84
\pgfnodepartthirteenbox=\box85
\pgfnodeparttwelvebox=\box86
\pgfnodepartelevenbox=\box87
\pgfnodeparttenbox=\box88
\pgfnodepartninebox=\box89
\pgfnodeparteightbox=\box90
\pgfnodepartsevenbox=\box91
\pgfnodepartsixbox=\box92
\pgfnodepartfivebox=\box93
)))
("C:\Users\andyvo\AppData\Local\Programs\MiKTeX 2.9\tex/generic/pgf/frontendlay
er/tikz/libraries\tikzlibraryarrows.code.tex"
File: tikzlibraryarrows.code.tex 2020/01/08 v3.1.5b (3.1.5b)

("C:\Users\andyvo\AppData\Local\Programs\MiKTeX 2.9\tex/generic/pgf/libraries\p
gflibraryarrows.code.tex"
File: pgflibraryarrows.code.tex 2020/01/08 v3.1.5b (3.1.5b)
\arrowsize=\dimen269
))
No file conference_poster_4.aux.
\openout1 = `conference_poster_4.aux'.

LaTeX Font Info:    Checking defaults for OML/cmm/m/it on input line 49.
LaTeX Font Info:    ... okay on input line 49.
LaTeX Font Info:    Checking defaults for T1/cmr/m/n on input line 49.
LaTeX Font Info:    ... okay on input line 49.
LaTeX Font Info:    Checking defaults for OT1/cmr/m/n on input line 49.
LaTeX Font Info:    ... okay on input line 49.
LaTeX Font Info:    Checking defaults for OMS/cmsy/m/n on input line 49.
LaTeX Font Info:    ... okay on input line 49.
LaTeX Font Info:    Checking defaults for OMX/cmex/m/n on input line 49.
LaTeX Font Info:    ... okay on input line 49.
LaTeX Font Info:    Checking defaults for U/cmr/m/n on input line 49.
LaTeX Font Info:    ... okay on input line 49.
LaTeX Font Info:    Try loading font information for T1+ppl on input line 49.
("C:\Users\andyvo\AppData\Local\Programs\MiKTeX 2.9\tex/latex/psnfss\t1ppl.fd"
File: t1ppl.fd 2001/06/04 font definitions for T1/ppl.
)